<?xml version="1.0" encoding="UTF-8"?>
<!-- Generated by org.testng.reporters.JUnitXMLReporter -->
<testsuite ignored="0" hostname="LAPTOP-GU9UD6HI" failures="1" tests="2" name="Test" time="0.41" errors="0" timestamp="2024-01-12T14:17:21 IST">
  <testcase classname="rahulshettyacademy.tests.StepA1" name="StepA1" time="0.0">
    <failure type="java.lang.RuntimeException" message="com.fasterxml.jackson.databind.exc.MismatchedInputException: No content to map due to end-of-input
 at [Source: REDACTED (`StreamReadFeature.INCLUDE_SOURCE_IN_LOCATION` disabled); line: 1]">
      <![CDATA[java.lang.RuntimeException: com.fasterxml.jackson.databind.exc.MismatchedInputException: No content to map due to end-of-input
 at [Source: REDACTED (`StreamReadFeature.INCLUDE_SOURCE_IN_LOCATION` disabled); line: 1]
at java.base/java.util.ArrayList.forEach(ArrayList.java:1511)
Caused by: com.fasterxml.jackson.databind.exc.MismatchedInputException: No content to map due to end-of-input
 at [Source: REDACTED (`StreamReadFeature.INCLUDE_SOURCE_IN_LOCATION` disabled); line: 1]
at com.fasterxml.jackson.databind.exc.MismatchedInputException.from(MismatchedInputException.java:59)
at com.fasterxml.jackson.databind.ObjectMapper._initForReading(ObjectMapper.java:4990)
at com.fasterxml.jackson.databind.ObjectMapper._readMapAndClose(ObjectMapper.java:4892)
at com.fasterxml.jackson.databind.ObjectMapper.readValue(ObjectMapper.java:3846)
at com.fasterxml.jackson.databind.ObjectMapper.readValue(ObjectMapper.java:3829)
at rahulshettyacademy.TestComponents.BaseTest.getJsonDatatoMap(BaseTest.java:61)
at rahulshettyacademy.tests.StepA1.getData(StepA1.java:57)
... 25 more
... Removed 32 stack frames]]>
    </failure>
  </testcase> <!-- StepA1 -->
  <testcase classname="rahulshettyacademy.tests.StepA1" name="OrderHistory" time="0.001">
    <skipped/>
  </testcase> <!-- OrderHistory -->
</testsuite> <!-- Test -->
